# JRE version: Java(TM) SE Runtime Environment (8.0_211-b12) (build 1.8.0_211-b12)
# Java VM: Java HotSpot(TM) 64-Bit Server VM (25.211-b12 mixed mode windows-amd64 compressed oops)
Heap:
 PSYoungGen      total 98816K, used 21699K [0x000000076ae00000, 0x0000000771d80000, 0x00000007c0000000)
  eden space 88064K, 24% used [0x000000076ae00000,0x000000076c330e08,0x0000000770400000)
  from space 10752K, 0% used [0x0000000770e80000,0x0000000770e80000,0x0000000771900000)
  to   space 10752K, 0% used [0x0000000770400000,0x0000000770400000,0x0000000770e80000)
 ParOldGen       total 196096K, used 14056K [0x00000006c0a00000, 0x00000006cc980000, 0x000000076ae00000)
  object space 196096K, 7% used [0x00000006c0a00000,0x00000006c17ba220,0x00000006cc980000)
 Metaspace       used 39574K, capacity 40304K, committed 40832K, reserved 1085440K
  class space    used 5522K, capacity 5693K, committed 5760K, reserved 1048576K
GC Heap History (10 events):
Event: 2.997 GC heap before
{Heap before GC invocations=2 (full 0):
 PSYoungGen      total 76288K, used 62427K [0x000000076ae00000, 0x0000000770300000, 0x00000007c0000000)
  eden space 65536K, 89% used [0x000000076ae00000,0x000000076e734a90,0x000000076ee00000)
  from space 10752K, 35% used [0x000000076ee00000,0x000000076f1c2498,0x000000076f880000)
  to   space 10752K, 0% used [0x000000076f880000,0x000000076f880000,0x0000000770300000)
 ParOldGen       total 175104K, used 16K [0x00000006c0a00000, 0x00000006cb500000, 0x000000076ae00000)
  object space 175104K, 0% used [0x00000006c0a00000,0x00000006c0a04000,0x00000006cb500000)
 Metaspace       used 20639K, capacity 21060K, committed 21296K, reserved 1067008K
  class space    used 2815K, capacity 2938K, committed 2944K, reserved 1048576K
Event: 3.008 GC heap after
Heap after GC invocations=2 (full 0):
 PSYoungGen      total 76288K, used 10119K [0x000000076ae00000, 0x0000000770300000, 0x00000007c0000000)
  eden space 65536K, 0% used [0x000000076ae00000,0x000000076ae00000,0x000000076ee00000)
  from space 10752K, 94% used [0x000000076f880000,0x0000000770261f70,0x0000000770300000)
  to   space 10752K, 0% used [0x000000076ee00000,0x000000076ee00000,0x000000076f880000)
 ParOldGen       total 175104K, used 88K [0x00000006c0a00000, 0x00000006cb500000, 0x000000076ae00000)
  object space 175104K, 0% used [0x00000006c0a00000,0x00000006c0a16010,0x00000006cb500000)
 Metaspace       used 20639K, capacity 21060K, committed 21296K, reserved 1067008K
  class space    used 2815K, capacity 2938K, committed 2944K, reserved 1048576K
}
Event: 3.008 GC heap before
{Heap before GC invocations=3 (full 1):
 PSYoungGen      total 76288K, used 10119K [0x000000076ae00000, 0x0000000770300000, 0x00000007c0000000)
  eden space 65536K, 0% used [0x000000076ae00000,0x000000076ae00000,0x000000076ee00000)
  from space 10752K, 94% used [0x000000076f880000,0x0000000770261f70,0x0000000770300000)
  to   space 10752K, 0% used [0x000000076ee00000,0x000000076ee00000,0x000000076f880000)
 ParOldGen       total 175104K, used 88K [0x00000006c0a00000, 0x00000006cb500000, 0x000000076ae00000)
  object space 175104K, 0% used [0x00000006c0a00000,0x00000006c0a16010,0x00000006cb500000)
 Metaspace       used 20639K, capacity 21060K, committed 21296K, reserved 1067008K
  class space    used 2815K, capacity 2938K, committed 2944K, reserved 1048576K
Event: 3.038 GC heap after
Heap after GC invocations=3 (full 1):
 PSYoungGen      total 76288K, used 0K [0x000000076ae00000, 0x0000000770300000, 0x00000007c0000000)
  eden space 65536K, 0% used [0x000000076ae00000,0x000000076ae00000,0x000000076ee00000)
  from space 10752K, 0% used [0x000000076f880000,0x000000076f880000,0x0000000770300000)
  to   space 10752K, 0% used [0x000000076ee00000,0x000000076ee00000,0x000000076f880000)
 ParOldGen       total 119296K, used 9714K [0x00000006c0a00000, 0x00000006c7e80000, 0x000000076ae00000)
  object space 119296K, 8% used [0x00000006c0a00000,0x00000006c137ca40,0x00000006c7e80000)
 Metaspace       used 20639K, capacity 21060K, committed 21296K, reserved 1067008K
  class space    used 2815K, capacity 2938K, committed 2944K, reserved 1048576K
}
Event: 4.758 GC heap before
{Heap before GC invocations=4 (full 1):
 PSYoungGen      total 76288K, used 65536K [0x000000076ae00000, 0x0000000770300000, 0x00000007c0000000)
  eden space 65536K, 100% used [0x000000076ae00000,0x000000076ee00000,0x000000076ee00000)
  from space 10752K, 0% used [0x000000076f880000,0x000000076f880000,0x0000000770300000)
  to   space 10752K, 0% used [0x000000076ee00000,0x000000076ee00000,0x000000076f880000)
 ParOldGen       total 119296K, used 9714K [0x00000006c0a00000, 0x00000006c7e80000, 0x000000076ae00000)
  object space 119296K, 8% used [0x00000006c0a00000,0x00000006c137ca40,0x00000006c7e80000)
 Metaspace       used 29512K, capacity 30022K, committed 30464K, reserved 1075200K
  class space    used 3937K, capacity 4071K, committed 4096K, reserved 1048576K
Event: 4.768 GC heap after
Heap after GC invocations=4 (full 1):
 PSYoungGen      total 76288K, used 10178K [0x000000076ae00000, 0x0000000771900000, 0x00000007c0000000)
  eden space 65536K, 0% used [0x000000076ae00000,0x000000076ae00000,0x000000076ee00000)
  from space 10752K, 94% used [0x000000076ee00000,0x000000076f7f0b30,0x000000076f880000)
  to   space 10752K, 0% used [0x0000000770e80000,0x0000000770e80000,0x0000000771900000)
 ParOldGen       total 119296K, used 9722K [0x00000006c0a00000, 0x00000006c7e80000, 0x000000076ae00000)
  object space 119296K, 8% used [0x00000006c0a00000,0x00000006c137ea40,0x00000006c7e80000)
 Metaspace       used 29512K, capacity 30022K, committed 30464K, reserved 1075200K
  class space    used 3937K, capacity 4071K, committed 4096K, reserved 1048576K
}
Event: 5.616 GC heap before
{Heap before GC invocations=5 (full 1):
 PSYoungGen      total 76288K, used 64762K [0x000000076ae00000, 0x0000000771900000, 0x00000007c0000000)
  eden space 65536K, 83% used [0x000000076ae00000,0x000000076e34dee8,0x000000076ee00000)
  from space 10752K, 94% used [0x000000076ee00000,0x000000076f7f0b30,0x000000076f880000)
  to   space 10752K, 0% used [0x0000000770e80000,0x0000000770e80000,0x0000000771900000)
 ParOldGen       total 119296K, used 9722K [0x00000006c0a00000, 0x00000006c7e80000, 0x000000076ae00000)
  object space 119296K, 8% used [0x00000006c0a00000,0x00000006c137ea40,0x00000006c7e80000)
 Metaspace       used 34405K, capacity 34980K, committed 35496K, reserved 1079296K
  class space    used 4712K, capacity 4856K, committed 4864K, reserved 1048576K
Event: 5.627 GC heap after
Heap after GC invocations=5 (full 1):
 PSYoungGen      total 98816K, used 9795K [0x000000076ae00000, 0x0000000771d80000, 0x00000007c0000000)
  eden space 88064K, 0% used [0x000000076ae00000,0x000000076ae00000,0x0000000770400000)
  from space 10752K, 91% used [0x0000000770e80000,0x0000000771810e78,0x0000000771900000)
  to   space 10752K, 0% used [0x0000000770400000,0x0000000770400000,0x0000000770e80000)
 ParOldGen       total 119296K, used 9730K [0x00000006c0a00000, 0x00000006c7e80000, 0x000000076ae00000)
  object space 119296K, 8% used [0x00000006c0a00000,0x00000006c1380a40,0x00000006c7e80000)
 Metaspace       used 34405K, capacity 34980K, committed 35496K, reserved 1079296K
  class space    used 4712K, capacity 4856K, committed 4864K, reserved 1048576K
}
Event: 5.627 GC heap before
{Heap before GC invocations=6 (full 2):
 PSYoungGen      total 98816K, used 9795K [0x000000076ae00000, 0x0000000771d80000, 0x00000007c0000000)
  eden space 88064K, 0% used [0x000000076ae00000,0x000000076ae00000,0x0000000770400000)
  from space 10752K, 91% used [0x0000000770e80000,0x0000000771810e78,0x0000000771900000)
  to   space 10752K, 0% used [0x0000000770400000,0x0000000770400000,0x0000000770e80000)
 ParOldGen       total 119296K, used 9730K [0x00000006c0a00000, 0x00000006c7e80000, 0x000000076ae00000)
  object space 119296K, 8% used [0x00000006c0a00000,0x00000006c1380a40,0x00000006c7e80000)
 Metaspace       used 34405K, capacity 34980K, committed 35496K, reserved 1079296K
  class space    used 4712K, capacity 4856K, committed 4864K, reserved 1048576K
Event: 5.673 GC heap after
Heap after GC invocations=6 (full 2):
 PSYoungGen      total 98816K, used 0K [0x000000076ae00000, 0x0000000771d80000, 0x00000007c0000000)
  eden space 88064K, 0% used [0x000000076ae00000,0x000000076ae00000,0x0000000770400000)
  from space 10752K, 0% used [0x0000000770e80000,0x0000000770e80000,0x0000000771900000)
  to   space 10752K, 0% used [0x0000000770400000,0x0000000770400000,0x0000000770e80000)
 ParOldGen       total 196096K, used 14056K [0x00000006c0a00000, 0x00000006cc980000, 0x000000076ae00000)
  object space 196096K, 7% used [0x00000006c0a00000,0x00000006c17ba220,0x00000006cc980000)
 Metaspace       used 34405K, capacity 34980K, committed 35496K, reserved 1079296K
  class space    used 4712K, capacity 4856K, committed 4864K, reserved 1048576K
}

